This file contains any messages produced by compilers while
running configure, to aid debugging if configure makes a mistake.

It was created by Spread_Util configure 4.3.0, which was
generated by GNU Autoconf 2.62.  Invocation command line was

  $ ../../libspread-util/configure 

## --------- ##
## Platform. ##
## --------- ##

hostname = cs1652-vm
uname -m = x86_64
uname -r = 5.4.0-109-generic
uname -s = Linux
uname -v = #123~18.04.1-Ubuntu SMP Fri Apr 8 09:48:52 UTC 2022

/usr/bin/uname -p = unknown
/bin/uname -X     = unknown

/bin/arch              = unknown
/usr/bin/arch -k       = unknown
/usr/convex/getsysinfo = unknown
/usr/bin/hostinfo      = unknown
/bin/machine           = unknown
/usr/bin/oslevel       = unknown
/bin/universe          = unknown

PATH: /usr/local/sbin
PATH: /usr/local/bin
PATH: /usr/sbin
PATH: /usr/bin
PATH: /sbin
PATH: /bin
PATH: /usr/games
PATH: /usr/local/games
PATH: /snap/bin


## ----------- ##
## Core tests. ##
## ----------- ##

configure:1871: error: cannot run /bin/bash ../../libspread-util/buildtools/config.sub

## ---------------- ##
## Cache variables. ##
## ---------------- ##

ac_cv_env_CC_set=
ac_cv_env_CC_value=
ac_cv_env_CFLAGS_set=
ac_cv_env_CFLAGS_value=
ac_cv_env_CPPFLAGS_set=
ac_cv_env_CPPFLAGS_value=
ac_cv_env_CPP_set=
ac_cv_env_CPP_value=
ac_cv_env_LDFLAGS_set=
ac_cv_env_LDFLAGS_value=
ac_cv_env_LIBS_set=
ac_cv_env_LIBS_value=
ac_cv_env_build_alias_set=
ac_cv_env_build_alias_value=
ac_cv_env_host_alias_set=
ac_cv_env_host_alias_value=
ac_cv_env_target_alias_set=
ac_cv_env_target_alias_value=

## ----------------- ##
## Output variables. ##
## ----------------- ##

AR=''
CC=''
CFLAGS=''
CPP=''
CPPFLAGS=''
DEFS=''
ECHO_C=''
ECHO_N='-n'
ECHO_T=''
EGREP=''
EXEEXT=''
GREP=''
INSTALL_DATA=''
INSTALL_PROGRAM=''
INSTALL_SCRIPT=''
LD=''
LDFLAGS=''
LIBOBJS=''
LIBS=''
LIBSPSO=''
LN_S=''
LTLIBOBJS=''
MANTYPE=''
NROFF=''
OBJEXT=''
PACKAGE_BUGREPORT=''
PACKAGE_NAME='Spread_Util'
PACKAGE_STRING='Spread_Util 4.3.0'
PACKAGE_TARNAME='spread_util'
PACKAGE_VERSION='4.3.0'
PATH_SEPARATOR=':'
PERL=''
RANLIB=''
SHCC=''
SHCFLAGS=''
SHCPPFLAGS=''
SHELL='/bin/bash'
SHLD=''
SHLDCONVERTSTATIC=''
SHLDCONVERTSTATICEND=''
SHLDFLAGS=''
SHLDNAME=''
SHLDOPTION=''
SHLIBS=''
THLDFLAGS=''
THLIBS=''
ac_ct_CC=''
bindir='${exec_prefix}/bin'
build=''
build_alias=''
build_cpu=''
build_os=''
build_vendor=''
datadir='${datarootdir}'
datarootdir='${prefix}/share'
docdir='${datarootdir}/doc/${PACKAGE_TARNAME}'
dvidir='${docdir}'
exec_prefix='NONE'
host=''
host_alias=''
host_cpu=''
host_os=''
host_vendor=''
htmldir='${docdir}'
includedir='${prefix}/include'
infodir='${datarootdir}/info'
libdir='${exec_prefix}/lib'
libexecdir='${exec_prefix}/libexec'
localedir='${datarootdir}/locale'
localstatedir='${prefix}/var'
mandir='${datarootdir}/man'
mansubdir=''
oldincludedir='/usr/include'
pdfdir='${docdir}'
prefix='NONE'
program_transform_name='s,x,x,'
psdir='${docdir}'
sbindir='${exec_prefix}/sbin'
sharedstatedir='${prefix}/com'
sysconfdir='${prefix}/etc'
target_alias=''

## ----------- ##
## confdefs.h. ##
## ----------- ##

#define PACKAGE_NAME "Spread_Util"
#define PACKAGE_TARNAME "spread_util"
#define PACKAGE_VERSION "4.3.0"
#define PACKAGE_STRING "Spread_Util 4.3.0"
#define PACKAGE_BUGREPORT ""

configure: exit 1
