/lib64/ld-linux-x86-64.so.2
%z{!
%r{!
%j{!
%b{!
%Z{!
%R{!
%J{!
%B{!
%:{!
%2{!
%*{!
%"{!
%zz!
%rz!
%jz!
%bz!
%Zz!
%Rz!
%Jz!
%Bz!
%:z!
%2z!
%*z!
%"z!
%zy!
%ry!
%jy!
%by!
%Zy!
%Ry!
%Jy!
%By!
%:y!
%2y!
%*y!
%"y!
%zx!
%rx!
%jx!
%bx!
%Zx!
fff.
=xg!
fffff.
_xH9ZxH
|#H9
_hH9ZhH
|)H9
_XH9ZXH
|)H9
J@H9O@
=uw!
AUATU
xv#A
%8m!
l$ L
fffff.
fff.
ffffff.
AVAUA
<$/t
[A\A]A^A_
=Ig!
=Ic!
==c!
='d!
=gc!
=Zb!
=ga!
%Da!
=B`!
5I]!
=A]!
=d\!
ffff.
fffff.
fffff.
fffff.
fffff.
fffff.
fffff.
=-X!
?/uxH
[]A\A]H
G(H;G0s
AUATI
G(H;G0sg
G(H;G0s
[]A\A]
AUATUH
G(H;G0sR
[]A\A]
fffff.
=TU!
AUATUSH
V0Hc
-ON!
G(H;G0s*
[]A\A]
[]A\A]
AUATL
[A\A]A^A_
=YP!
t|Hc
fff.
=mN!
=lL!
=[L!
=)L!
=ML!
=!L!
AWAVAUATI
=VN!
=1N!
H9U 
H9M 
[]A\A]A^A_
=}L!
=8I!
=CH!
AUATUSH
=ZG!
-ZH!
[]A\A]
=EF!
fffff.
 []A\
=kB!
5jB!
=4C!
=:L!
evmE1
AWAVAUATUSH
D$ H
l$@M
-Y@!
5@?!
5o9!
=w?!
=??!
%@?!
[]A\A]A^A_
=\=!
????????
D$ H
t$ H
L$(H9
-o<!
L$(H
t$ H
D$ H
5,;!
5x9!
5T9!
|$ H
|$8L
526!
ffff.
W@H9V@
W@H9V@
N@H9O@H
N@H9O@H
W@H9V@
W@H9V@
J@H9O@
NhH9OhH
|,H9
NhH9OhH
|,H9
NXH9OXH
|,H9
NXH9OXH
|,H9
H9^XH
|(H9
H9^XH
|(H9
H9^hH
|(H9
H9^hH
|(H9
NxH9OxH
|&H9
NxH9OxH
|&H9
H9^xH
|"H9
H9^xH
|"H9
NxH9OxH
1|7H9
NxH9OxH
1|7H9
NXH9OXH
7|=H9
NXH9OXH
7|=H9
_XH9ZXH
|)H9
NhH9OhH
7|=H9
NhH9OhH
7|=H9
_hH9ZhH
|)H9
_xH9ZxH
|#H9
AUATL9
=a.!
%L.!
=v,!
-^,!
[]A\A]A^
UUUUUUU
ffff.
AWAVAUATUSH
-c$!
G(H;G0
8[]A\A]A^A_
G(H;G0
G(H;G0
-8#!
G(H;G0
8[]A\A]A^A_
G(H;G0
8[]A\A]A^A_
-b"!
G(H;G0
8[]A\A]A^A_
d$ L;%
G(H;G0
d$(I
L9d$ 
=5(!
=n&!
G(H;G0
[]A\A]A^A_
AWAVI
ATUSH
|$ H
=,$!
T$ H
T$(H
=V$!
= $!
=l#!
[]A\A]A^A_
G(H;G0
G(H;G0
=I !
G(H;G0
=2"!
T$ L
=C!!
AWAVAUATU
t)E1
L$ E1
L$ E1
D$0H
\$(M
D$ H
\$ L
D$8H
D$@H
D$HH
D$PH
D$XH
D$`H
D$hH
D$pH
D$xH
G(H;G0
 u5H
[]A\
[]A\
?AUI
ATUS
[]A\A]A^A_
trE1
~t]1
.tHD
d$ L
l$(L
t$0H
A:L$
A:L$
<$L)
A:L$
<$I)
AWAVAUATUH
T$8D
D$ I
D$HH
D$(H
T$HH
D$(B
D$0L
D$0H
X[]A\A]A^A_
d$ 1
D$(H
D$ A
L9d$ r>H
L9d$ s
|$(L
t$(I
D$8H
t&L9
fffff.
AUATI
$wWH
[]A\A]A^A_
[]A\A]A^A_
[]A\A]A^A_
AWAVAUL
,7ATUSH
D$81
d$0L
t$,A
|$,H
T$8dH3
H[]A\A]A^A_
|$,H
ffff.
D$HH
L$0L
D$8L
D$8H
L$0H
|$ L
D$HH
L$(H
\$XH
l$`L
d$hL
l$pL
t$xL
D$HH
\$XH
d$hL
l$p1
t$xL
\$XH
l$`L
d$hL
t$xL
\$XH
l$`L
l$pL
t$x1
L$0H
L$0L
L$0L
D$8H
L$0L
D$8L
L$0L
L$@H
L$ H
D$@L
L$HI
D$ H
AWAVI
AUATI
t}E1
G(H;G0s
[]A\A]A^A_
[]A\A]A^A_
AUATI
[]A\A]A^A_
l$ L
t$(L
|$0H
l$ L
d$(L
l$0L
t$8L
|$@H
fffff.
fffff.
H9W 
t)H9
fffff.
AWAVI
AUE1
ATUH
[]A\A]A^A_
fff.
fff.
sIzG
ATUH
'L;g
[]A\
fff.
ATUH
'L;g
t$ H
fffff.
ATUH
[]A\
fff.
T$0H
I;\$
AWAVAUATUH
>L;~
[]A\A]A^A_
D$(H
D$0H
D$8H
D$@H
D$HH
fff.
d$ H
fffff.
l$ L
d$(L
l$0H
l$ L
d$(L
l$0L
t$8L
|$@H
t$ H
l$ L
d$(L
l$0H
AVAUATI
L$xH
BD$HH
D$HL
L$pH
H9l$hH
t$hH
\$P1
D$h1
T$XA
D$dH9
t$HH
D$HH
T$HL
d$|D
l$PH
T$HL
d$|E
L$XH
[]A\A]A^A_
|$pH
l$XH
t$pH
D$XH
|$pH
l$ I
T$P1
|$pH
d$P1
T$dA
L$dE1
T$XL9
T$dH
T$XL
t$HL
\$@L
\$@L
T$8L
T$X1
t'@8k
[]A\
[]A\H
ffffff.
t'@8k
[]A\
[]A\H
gfffffffxAf
AWAVAUATI
8[]A\A]A^A_
D$ L
t$ H
|$ H
H9D$ 
L$(M
L;l$
L+l$
8[]A\J
A]A^A_
8[]A\A]A^A_
T$ J
ffffff.
ffffff.
fff.
AVAUATUSH
D$TdH
T$ L
\$(H
|$@D
D$HH
T$ L
\$(A
T$TH
t$xH
D$0L
L$8D
T$ L
D$0D
T$ L
L$8L
D$`E
t$`H
T$@H
L$Xv
\$XH
v<L9
T$@D
D$0L
T$ L
D$0L
T$ L
D$0L
T$ L
D$0L
T$ L
L$@H
D$0A
T$ L
D$0L
T$ L
\$(H
t$HD
u_L9
D$TL
|$@H
[]A\A]A^A_
t$xI
d$XH
L$xL
D$`H
D$0L
L$8D
T$ I
L$8D
T$@H
L$@H
T$XH
t$(H
L$0H
T$(O
T$ H
T$ I9
t$ H
L$0E
T$(H
t$ H
D$<A
\$HH
l$PL
d$XL
l$`L
t$hL
|$pH
ffffff.
D$ H
D$(H
\$HH
l$PL
d$XL
l$`H
fff.
ffff.
D$ H
D$(H
\$@H
l$HL
d$PH
ffff.
|$0H
t$8H
L$8@
T$0H
t$(H
L$8H
T$0L
\$ M
T$(t
\$HH
l$PL
d$XL
l$`L
t$hL
|$pH
\$8H
l$@L
d$HL
l$PL
t$XL
|$`H
L$@H
D$@H
D$(H
D$hH
D$0H
ffff.
L$@H
D$@H
D$(H
D$hH
D$0H
AWAVI
AUATUSH
D$PD
|$oA
T$LM
T$`L
\$xH
L$pI
L$o1
D$@L
H9D$@
l$@A
[]A\A]A^A_
ED$L
T$`H
L$PH
T$`I
|$xD
L$ D
L$ D
L$ L
L$ H
L$`@
D$\H
L$ L
T$PD
T$@)
+L$@
D;d$@
T$@A
T$@u
T$pA
T$\A)
HcT$@L
D$0D
L$ D
T$(L
L$ D
D$0D
\$8D
T$(H
L$ L
T$(D
L$ D
\$8D
T$(H
|$\E1
D$0D
L$ L
L$ L
D$0H
D$0L
D$PD
L$\D
|$\H
\$8H
D$PH
L$@H
|$\L
D$\p
D$PI
D$PD
\$PE
\$PA
T$PD
T$PH
L$ D
T$(H
L$ H
T$(H
gfffffffH
\$PE
T$PD
L$ D
L$ D
D$@L
H9D$@
l$@I
L$PD
T$PA
gfff
T$PD
L$PD
T$PD
\$@D
D+\$@A
L$PI
\$PE
T$pA
D$0D
L$ D
T$(L
L$ D
D$0D
\$8D
T$(H
D$0D
L$ D
L$ D
D$0D
\$8D
T$(H
uJMc
D$0D
L$ D
T$(L
L$ D
D$0L
\$8D
T$(H
D$pM
D$0D
L$ L
D$0D
D$0D
L$ D
T$(L
D$0D
L$ D
T$(D
<3<:
D+D$@D
L$ L
D$0D
L$ D
T$(L
D$0D
L$ D
T$(D
6t)H
xWHc
tKHc
<$I9
l$ H
d$(L
l$0L
t$8L
|$@H
tKHc
<$I9
l$ H
d$(L
l$0L
t$8L
|$@H
fffff.
l$ L
t$(L
|$0H
Try `%s --help' for more information.
Usage: %s [OPTION]... [FILE]...
List information about the FILEs (the current directory by default).
Sort entries alphabetically if none of -cftuvSUX nor --sort.
Mandatory arguments to long options are mandatory for short options too.
  -a, --all                  do not ignore entries starting with .
  -A, --almost-all           do not list implied . and ..
      --author               with -l, print the author of each file
  -b, --escape               print octal escapes for nongraphic characters
      --block-size=SIZE      use SIZE-byte blocks.  See SIZE format below
  -B, --ignore-backups       do not list implied entries ending with ~
  -c                         with -lt: sort by, and show, ctime (time of last
                               modification of file status information)
                               with -l: show ctime and sort by name
                               otherwise: sort by ctime
  -C                         list entries by columns
      --color[=WHEN]         colorize the output.  WHEN defaults to `always'
                               or can be `never' or `auto'.  More info below
  -d, --directory            list directory entries instead of contents,
                               and do not dereference symbolic links
  -D, --dired                generate output designed for Emacs' dired mode
  -f                         do not sort, enable -aU, disable -ls --color
  -F, --classify             append indicator (one of */=>@|) to entries
      --file-type            likewise, except do not append `*'
      --format=WORD          across -x, commas -m, horizontal -x, long -l,
                               single-column -1, verbose -l, vertical -C
      --full-time            like -l --time-style=full-iso
  -g                         like -l, but do not list owner
      --group-directories-first
                             group directories before files.
                               augment with a --sort option, but any
                               use of --sort=none (-U) disables grouping
  -G, --no-group             in a long listing, don't print group names
  -h, --human-readable       with -l, print sizes in human readable format
                               (e.g., 1K 234M 2G)
      --si                   likewise, but use powers of 1000 not 1024
  -H, --dereference-command-line
                             follow symbolic links listed on the command line
      --dereference-command-line-symlink-to-dir
                             follow each command line symbolic link
                             that points to a directory
      --hide=PATTERN         do not list implied entries matching shell PATTERN
                               (overridden by -a or -A)
      --indicator-style=WORD  append indicator with style WORD to entry names:
                               none (default), slash (-p),
                               file-type (--file-type), classify (-F)
  -i, --inode                print the index number of each file
  -I, --ignore=PATTERN       do not list implied entries matching shell PATTERN
  -k                         like --block-size=1K
  -l                         use a long listing format
  -L, --dereference          when showing file information for a symbolic
                               link, show information for the file the link
                               references rather than for the link itself
  -m                         fill width with a comma separated list of entries
  -n, --numeric-uid-gid      like -l, but list numeric user and group IDs
  -N, --literal              print raw entry names (don't treat e.g. control
                               characters specially)
  -o                         like -l, but do not list group information
  -p, --indicator-style=slash
                             append / indicator to directories
  -q, --hide-control-chars   print ? instead of non graphic characters
      --show-control-chars   show non graphic characters as-is (default
                             unless program is `ls' and output is a terminal)
  -Q, --quote-name           enclose entry names in double quotes
      --quoting-style=WORD   use quoting style WORD for entry names:
                               literal, locale, shell, shell-always, c, escape
  -r, --reverse              reverse order while sorting
  -R, --recursive            list subdirectories recursively
  -s, --size                 print the allocated size of each file, in blocks
  -S                         sort by file size
      --sort=WORD            sort by WORD instead of name: none -U,
                             extension -X, size -S, time -t, version -v
      --time=WORD            with -l, show time as WORD instead of modification
                             time: atime -u, access -u, use -u, ctime -c,
                             or status -c; use specified time as sort key
                             if --sort=time
      --time-style=STYLE     with -l, show times using style STYLE:
                             full-iso, long-iso, iso, locale, +FORMAT.
                             FORMAT is interpreted like `date'; if FORMAT is
                             FORMAT1<newline>FORMAT2, FORMAT1 applies to
                             non-recent files and FORMAT2 to recent files;
                             if STYLE is prefixed with `posix-', STYLE
                             takes effect only outside the POSIX locale
  -t                         sort by modification time
  -T, --tabsize=COLS         assume tab stops at each COLS instead of 8
  -u                         with -lt: sort by, and show, access time
                               with -l: show access time and sort by name
                               otherwise: sort by access time
  -U                         do not sort; list entries in directory order
  -v                         natural sort of (version) numbers within text
  -w, --width=COLS           assume screen width instead of current value
  -x                         list entries by lines instead of by columns
  -X                         sort alphabetically by entry extension
  -1                         list one file per line
SELinux options:
  --lcontext                 Display security context.   Enable -l. Lines
                             will probably be too wide for most displays.
  -Z, --context              Display security context so it fits on most
                             displays.  Displays only mode, user, group,
                             security context and file name.
  --scontext                 Display only security context and file name.
      --help     display this help and exit
      --version  output version information and exit
SIZE may be (or may be an integer optionally followed by) one of following:
KB 1000, K 1024, MB 1000*1000, M 1024*1024, and so on for G, T, P, E, Z, Y.
Using color to distinguish file types is disabled both by default and
with --color=never.  With --color=auto, ls emits color codes only when
standard output is connected to a terminal.  The LS_COLORS environment
variable can change the settings.  Use the dircolors command to set it.
Exit status:
 0  if OK,
 1  if minor problems (e.g., cannot access subdirectory),
 2  if serious trouble (e.g., cannot access command-line argument).
%s home page: <http://www.gnu.org/software/%s/>
General help using GNU software: <http://www.gnu.org/gethelp/>
Report %s translation bugs to <http://translationproject.org/team/>
For complete documentation, run: info coreutils '%s invocation'
(((sizeof (uintmax_t) * 8 - (! ((__typeof__ (uintmax_t)) 0 < (__typeof__ (uintmax_t)) -1))) * 146 / 485 + (! ((__typeof__ (uintmax_t)) 0 < (__typeof__ (uintmax_t)) -1)) + 1) + 1) <= buflen
! command_line_arg || inode == NOT_AN_INODE_NUMBER
unparsable value for LS_COLORS environment variable
cannot determine device and inode of %s
%s: not listing already-listed directory
ignoring invalid value of environment variable QUOTING_STYLE: %s
ignoring invalid width in environment variable COLUMNS: %s
ignoring invalid tab size in environment variable TABSIZE: %s
abcdfghiklmnopqrstuvw:xABCDFGHI:LNQRST:UXZ1
error initializing month strings
sizeof (struct dev_ino) <= __extension__ ({ struct obstack const *__o = (&dev_ino_obstack); (unsigned) (__o->next_free - __o->object_base); })
//DIRED-OPTIONS// --quoting-style=%s
hash_get_n_entries (active_dir_set) == 0
dereference-command-line-symlink-to-dir
Report %s bugs to %s
bug-coreutils@gnu.org
GNU coreutils
ls.c
cannot access %s
unlabeled
cannot read symbolic link %s
sort_type != sort_version
%*lu 
 %lu
target
%-32s 
 -> 
LS_COLORS
unrecognized prefix: %s
%s %*s 
%*s, %*s 
cannot open directory %s
reading directory %s
closing directory %s
total
/usr/share/locale
QUOTING_STYLE
LS_BLOCK_SIZE
COLUMNS
TABSIZE
invalid line width: %s
invalid tab size: %s
--sort
--time
--format
full-iso
--color
--indicator-style
--quoting-style
vdir
David MacKenzie
Richard M. Stallman
*=>@|
TIME_STYLE
invalid time style format %s
time style
%Y-%m-%d %H:%M:%S.%N %z
%Y-%m-%d %H:%M
%Y-%m-%d 
found
//DIRED//
//SUBDIRED//
escape
directory
dired
full-time
group-directories-first
human-readable
inode
numeric-uid-gid
no-group
hide-control-chars
reverse
width
almost-all
ignore-backups
classify
file-type
dereference-command-line
hide
ignore
dereference
literal
quote-name
recursive
show-control-chars
tabsize
time-style
block-size
lcontext
scontext
author
help
none
extension
atime
access
ctime
status
verbose
long
commas
horizontal
across
vertical
single-column
force
never
auto
if-tty
slash
%b %e  %Y
%b %e %H:%M
long-iso
01;34
01;36
01;35
01;33
01;32
37;41
30;43
37;44
34;42
30;42
30;41
main
posix-
gobble_file
sort_files
format_inode
?pcdb-lswd
dev_ino_pop
A NULL argv[0] was passed through an exec system call.
/.libs/
Report bugs to: %s
%s (%s) %s
%s %s
Written by %s.
Written by %s and %s.
Written by %s, %s, and %s.
License GPLv3+: GNU GPL version 3 or later <http://gnu.org/licenses/gpl.html>.
This is free software: you are free to change and redistribute it.
There is NO WARRANTY, to the extent permitted by law.
Written by %s, %s, %s,
and %s.
Written by %s, %s, %s,
%s, and %s.
Written by %s, %s, %s,
%s, %s, and %s.
Written by %s, %s, %s,
%s, %s, %s, and %s.
Written by %s, %s, %s,
%s, %s, %s, %s,
and %s.
Written by %s, %s, %s,
%s, %s, %s, %s,
%s, and %s.
Written by %s, %s, %s,
%s, %s, %s, %s,
%s, %s, and others.
Copyright %s %d Free Software Foundation, Inc.
memory exhausted
Valid arguments are:
  - `%s'
, `%s'
invalid argument %s for %s
ambiguous argument %s for %s
write error
%s: %s
POSIX
# entries:         %lu
# buckets:         %lu
max bucket length: %lu
# buckets used:    %lu (%.2f%%)
=fff?
Y@BLOCKSIZE
POSIXLY_CORRECT
eEgGkKmMpPtTyYzZ0
%.0Lf
%.1Lf
KMGTPEZY
shell
shell-always
c-maybe
clocale
%H:%M:%S
%m/%d/%y
%Y-%m-%d
invalid suffix in %s%s argument `%s'
invalid %s%s argument `%s'
%s%s argument `%s' too large
xstrtol.c
0 <= strtol_base && strtol_base <= 36
xstrtoul
xstrtoumax
libselinux.so.1
__gmon_start__
_Jv_RegisterClasses
_init
fgetfilecon
freecon
lgetfilecon
_fini
librt.so.1
clock_gettime
libcap.so.2
cap_to_text
cap_free
cap_get_file
libacl.so.1
acl_get_entry
acl_extended_file_nofollow
acl_get_tag_type
acl_extended_file
libc.so.6
strcpy
__printf_chk
fnmatch
readdir
setlocale
mbrtowc
strncmp
optind
strrchr
fflush_unlocked
dcgettext
getpwuid
closedir
__mempcpy_chk
getgrgid
error
strncpy
signal
mbstowcs
sigprocmask
__stack_chk_fail
__lxstat
iswprint
realloc
abort
_exit
program_invocation_name
strftime
__assert_fail
__ctype_get_mb_cur_max
isatty
getpwnam
calloc
strlen
sigemptyset
memset
localeconv
strstr
__errno_location
mempcpy
_setjmp
__fprintf_chk
sigaddset
getgrnam
memcpy
fclose
strtoul
malloc
raise
mbsinit
nl_langinfo
opendir
getenv
__ctype_b_loc
optarg
wcwidth
stderr
ioctl
_obstack_newchunk
readlink
getopt_long
__fxstat
fwrite
gettimeofday
sigaction
__memcpy_chk
sigismember
__fpending
localtime
strchr
iswcntrl
mktime
program_invocation_short_name
wcstombs
__ctype_toupper_loc
__ctype_tolower_loc
__sprintf_chk
__xstat
memmove
_obstack_begin
bindtextdomain
fwrite_unlocked
strcmp
tcgetpgrp
__libc_start_main
dirfd
stpcpy
strcoll
__overflow
__strtoul_internal
fputs_unlocked
__progname
__progname_full
__cxa_atexit
_edata
__bss_start
_end
ls_mode
quoting_style_vals
argmatch_die
exit_failure
version_etc_copyright
close_stdout
quoting_style_args
program_name
Version
GLIBC_2.2.5
ACL_1.0
ACL_1.2
GLIBC_2.4
GLIBC_2.3
GLIBC_2.3.4
libdl.so.2
/lib64/ld-linux-x86-64.so.2
libpthread.so.0
libattr.so.1
ls.debug
.shstrtab
.interp
.note.ABI-tag
.note.gnu.build-id
.gnu.hash
.dynsym
.dynstr
.gnu.version
.gnu.version_r
.rela.dyn
.rela.plt
.init
.text
.fini
.rodata
.eh_frame_hdr
.eh_frame
.ctors
.dtors
.jcr
.data.rel.ro
.dynamic
.got
.got.plt
.data
.bss
.gnu_debuglink
.gnu.liblist
.gnu.conflict
.gnu.prelink_undo
